Determining if the function sgemm_ exists failed with the following output:
Change Dir: /home/karan/slambook/NonlinearOptimization/build/CMakeFiles/CMakeTmp

Run Build Command(s):/usr/bin/gmake -f Makefile cmTC_f2140/fast && /usr/bin/gmake  -f CMakeFiles/cmTC_f2140.dir/build.make CMakeFiles/cmTC_f2140.dir/build
gmake[1]: Entering directory '/home/karan/slambook/NonlinearOptimization/build/CMakeFiles/CMakeTmp'
Building C object CMakeFiles/cmTC_f2140.dir/CheckFunctionExists.c.o
/usr/bin/cc   -DCHECK_FUNCTION_EXISTS=sgemm_ -o CMakeFiles/cmTC_f2140.dir/CheckFunctionExists.c.o -c /usr/share/cmake-3.22/Modules/CheckFunctionExists.c
Linking C executable cmTC_f2140
/usr/bin/cmake -E cmake_link_script CMakeFiles/cmTC_f2140.dir/link.txt --verbose=1
/usr/bin/cc  -DCHECK_FUNCTION_EXISTS=sgemm_ -rdynamic CMakeFiles/cmTC_f2140.dir/CheckFunctionExists.c.o -o cmTC_f2140 
/usr/bin/ld: CMakeFiles/cmTC_f2140.dir/CheckFunctionExists.c.o: in function `main':
CheckFunctionExists.c:(.text+0x14): undefined reference to `sgemm_'
collect2: error: ld returned 1 exit status
gmake[1]: *** [CMakeFiles/cmTC_f2140.dir/build.make:99: cmTC_f2140] Error 1
gmake[1]: Leaving directory '/home/karan/slambook/NonlinearOptimization/build/CMakeFiles/CMakeTmp'
gmake: *** [Makefile:127: cmTC_f2140/fast] Error 2



Determining if the function cheev_ exists failed with the following output:
Change Dir: /home/karan/slambook/NonlinearOptimization/build/CMakeFiles/CMakeTmp

Run Build Command(s):/usr/bin/gmake -f Makefile cmTC_939ac/fast && /usr/bin/gmake  -f CMakeFiles/cmTC_939ac.dir/build.make CMakeFiles/cmTC_939ac.dir/build
gmake[1]: Entering directory '/home/karan/slambook/NonlinearOptimization/build/CMakeFiles/CMakeTmp'
Building C object CMakeFiles/cmTC_939ac.dir/CheckFunctionExists.c.o
/usr/bin/cc   -DCHECK_FUNCTION_EXISTS=cheev_ -o CMakeFiles/cmTC_939ac.dir/CheckFunctionExists.c.o -c /usr/share/cmake-3.22/Modules/CheckFunctionExists.c
Linking C executable cmTC_939ac
/usr/bin/cmake -E cmake_link_script CMakeFiles/cmTC_939ac.dir/link.txt --verbose=1
/usr/bin/cc  -DCHECK_FUNCTION_EXISTS=cheev_ -rdynamic CMakeFiles/cmTC_939ac.dir/CheckFunctionExists.c.o -o cmTC_939ac  /usr/lib/x86_64-linux-gnu/libblas.so /usr/lib/x86_64-linux-gnu/libf77blas.so /usr/lib/x86_64-linux-gnu/libatlas.so -lm -ldl 
/usr/bin/ld: CMakeFiles/cmTC_939ac.dir/CheckFunctionExists.c.o: in function `main':
CheckFunctionExists.c:(.text+0x14): undefined reference to `cheev_'
collect2: error: ld returned 1 exit status
gmake[1]: *** [CMakeFiles/cmTC_939ac.dir/build.make:102: cmTC_939ac] Error 1
gmake[1]: Leaving directory '/home/karan/slambook/NonlinearOptimization/build/CMakeFiles/CMakeTmp'
gmake: *** [Makefile:127: cmTC_939ac/fast] Error 2



Determining if the function cheev_ exists failed with the following output:
Change Dir: /home/karan/slambook/NonlinearOptimization/build/CMakeFiles/CMakeTmp

Run Build Command(s):/usr/bin/gmake -f Makefile cmTC_d5104/fast && /usr/bin/gmake  -f CMakeFiles/cmTC_d5104.dir/build.make CMakeFiles/cmTC_d5104.dir/build
gmake[1]: Entering directory '/home/karan/slambook/NonlinearOptimization/build/CMakeFiles/CMakeTmp'
Building C object CMakeFiles/cmTC_d5104.dir/CheckFunctionExists.c.o
/usr/bin/cc   -DCHECK_FUNCTION_EXISTS=cheev_ -o CMakeFiles/cmTC_d5104.dir/CheckFunctionExists.c.o -c /usr/share/cmake-3.22/Modules/CheckFunctionExists.c
Linking C executable cmTC_d5104
/usr/bin/cmake -E cmake_link_script CMakeFiles/cmTC_d5104.dir/link.txt --verbose=1
/usr/bin/cc  -DCHECK_FUNCTION_EXISTS=cheev_ -rdynamic CMakeFiles/cmTC_d5104.dir/CheckFunctionExists.c.o -o cmTC_d5104  /usr/lib/x86_64-linux-gnu/liblapack.so /usr/lib/x86_64-linux-gnu/libblas.so /usr/lib/x86_64-linux-gnu/libf77blas.so /usr/lib/x86_64-linux-gnu/libatlas.so -fortranlibs 
cc: error: unrecognized command-line option ‘-fortranlibs’
gmake[1]: *** [CMakeFiles/cmTC_d5104.dir/build.make:103: cmTC_d5104] Error 1
gmake[1]: Leaving directory '/home/karan/slambook/NonlinearOptimization/build/CMakeFiles/CMakeTmp'
gmake: *** [Makefile:127: cmTC_d5104/fast] Error 2



